<?xml version="1.0" encoding="UTF-8"?>
<!-- Generated by org.testng.reporters.JUnitXMLReporter -->
<testsuite ignored="4" hostname="Praba" failures="0" tests="1" name="verifySalesOrders" time="14.604" errors="0" timestamp="2023-10-09T20:20:43 IST">
  <testcase classname="testcases.MyAccountTestCases" name="verifySalesOrders" time="14.602"/>
  <testcase classname="testcases.MyAccountTestCases" name="verifyEditSecuritySettings" time="0.0">
    <ignored/>
  </testcase> <!-- verifyEditSecuritySettings -->
  <testcase classname="testcases.MyAccountTestCases" name="verifyQuotations" time="0.0">
    <ignored/>
  </testcase> <!-- verifyQuotations -->
  <testcase classname="testcases.MyAccountTestCases" name="verifyEditProfile" time="0.0">
    <ignored/>
  </testcase> <!-- verifyEditProfile -->
  <testcase classname="testcases.MyAccountTestCases" name="verifyInvoiceBills" time="0.0">
    <ignored/>
  </testcase> <!-- verifyInvoiceBills -->
</testsuite> <!-- verifySalesOrders -->
