<?xml version="1.0" encoding="UTF-8"?>
<!-- Generated by org.testng.reporters.JUnitXMLReporter -->
<testsuite ignored="3" hostname="Praba" failures="0" tests="2" name="verifyQuotations" time="26.785" errors="0" timestamp="2023-10-09T20:23:50 IST">
  <testcase classname="testcases.MyAccountTestCases" name="verifyQuotations" time="16.481"/>
  <testcase classname="testcases.MyAccountTestCases" name="verifySalesOrders" time="10.276"/>
  <testcase classname="testcases.MyAccountTestCases" name="verifyEditProfile" time="0.0">
    <ignored/>
  </testcase> <!-- verifyEditProfile -->
  <testcase classname="testcases.MyAccountTestCases" name="verifyEditSecuritySettings" time="0.0">
    <ignored/>
  </testcase> <!-- verifyEditSecuritySettings -->
  <testcase classname="testcases.MyAccountTestCases" name="verifyInvoiceBills" time="0.0">
    <ignored/>
  </testcase> <!-- verifyInvoiceBills -->
</testsuite> <!-- verifyQuotations -->
