<?xml version="1.0" encoding="UTF-8"?>
<!-- Generated by org.testng.reporters.JUnitXMLReporter -->
<testsuite ignored="0" hostname="Praba" failures="0" tests="7" name="ProductSearch" time="101.78" errors="0" timestamp="2023-11-01T14:06:10 IST">
  <testcase classname="testcases.ProductSearchTestCases" name="productSearch" time="16.264"/>
  <testcase classname="testcases.ProductSearchTestCases" name="productSearch" time="12.238"/>
  <testcase classname="testcases.ProductSearchTestCases" name="productSearch" time="13.586"/>
  <testcase classname="testcases.ProductSearchTestCases" name="productSearch" time="12.544"/>
  <testcase classname="testcases.ProductSearchTestCases" name="productSearch" time="14.0"/>
  <testcase classname="testcases.ProductSearchTestCases" name="productSearch" time="22.048"/>
  <testcase classname="testcases.ProductSearchTestCases" name="productSearch" time="11.021"/>
</testsuite> <!-- ProductSearch -->
