<?xml version="1.0" encoding="UTF-8"?>
<!-- Generated by org.testng.reporters.JUnitXMLReporter -->
<testsuite ignored="2" hostname="Praba" failures="0" tests="1" name="CreateAccount" time="70.929" errors="0" timestamp="2023-10-02T15:39:45 IST">
  <testcase classname="testcases.LoginTestCases" name="createAccount" time="9.465"/>
  <testcase classname="testcases.LoginTestCases" name="login" time="0.0">
    <ignored/>
  </testcase> <!-- login -->
  <testcase classname="testcases.LoginTestCases" name="resetPassword" time="0.0">
    <ignored/>
  </testcase> <!-- resetPassword -->
</testsuite> <!-- CreateAccount -->
