<?xml version="1.0" encoding="UTF-8"?>
<!-- Generated by org.testng.reporters.JUnitXMLReporter -->
<testsuite ignored="2" hostname="Praba" failures="0" tests="1" name="Login" time="120.994" errors="0" timestamp="2023-10-03T12:02:43 IST">
  <testcase classname="testcases.LoginTestCases" name="login" time="120.929"/>
  <testcase classname="testcases.LoginTestCases" name="resetPassword" time="0.0">
    <ignored/>
  </testcase> <!-- resetPassword -->
  <testcase classname="testcases.LoginTestCases" name="createAccount" time="0.0">
    <ignored/>
  </testcase> <!-- createAccount -->
</testsuite> <!-- Login -->
