<?xml version="1.0" encoding="UTF-8"?>
<!-- Generated by org.testng.reporters.JUnitXMLReporter -->
<testsuite ignored="1" hostname="Praba" failures="0" tests="1" name="ResetPwordWithValidEmail" time="159.23" errors="0" timestamp="2023-10-02T14:11:35 IST">
  <testcase classname="testcases.ResetPwordTestCases" name="resetPwordWithValidEmail" time="53.395"/>
  <testcase classname="testcases.ResetPwordTestCases" name="resetPwordWithInValidEmail" time="0.0">
    <ignored/>
  </testcase> <!-- resetPwordWithInValidEmail -->
</testsuite> <!-- ResetPwordWithValidEmail -->
