<?xml version="1.0" encoding="UTF-8"?>
<!-- Generated by org.testng.reporters.JUnitXMLReporter -->
<testsuite ignored="2" hostname="Praba" failures="0" tests="1" name="ResetPassword" time="85.103" errors="0" timestamp="2023-10-03T00:43:38 IST">
  <testcase classname="testcases.LoginTestCases" name="resetPassword" time="85.053"/>
  <testcase classname="testcases.LoginTestCases" name="login" time="0.0">
    <ignored/>
  </testcase> <!-- login -->
  <testcase classname="testcases.LoginTestCases" name="createAccount" time="0.0">
    <ignored/>
  </testcase> <!-- createAccount -->
</testsuite> <!-- ResetPassword -->
