<?xml version="1.0" encoding="UTF-8"?>
<!-- Generated by org.testng.reporters.JUnitXMLReporter -->
<testsuite ignored="0" hostname="Praba" failures="0" tests="3" name="ResetPword" time="42.927" errors="0" timestamp="2023-10-03T11:02:12 IST">
  <testcase classname="testcases.ResetPwordTestCases" name="resetPword" time="14.581"/>
  <testcase classname="testcases.ResetPwordTestCases" name="resetPword" time="13.984"/>
  <testcase classname="testcases.ResetPwordTestCases" name="resetPword" time="14.292"/>
</testsuite> <!-- ResetPword -->
