<?xml version="1.0" encoding="UTF-8"?>
<!-- Generated by org.testng.reporters.JUnitXMLReporter -->
<testsuite ignored="1" hostname="Praba" failures="0" tests="1" name="ResetPwordWithInValidEmail" time="123.324" errors="0" timestamp="2023-10-02T14:13:38 IST">
  <testcase classname="testcases.ResetPwordTestCases" name="resetPwordWithInValidEmail" time="26.977"/>
  <testcase classname="testcases.ResetPwordTestCases" name="resetPwordWithValidEmail" time="0.0">
    <ignored/>
  </testcase> <!-- resetPwordWithValidEmail -->
</testsuite> <!-- ResetPwordWithInValidEmail -->
