<?xml version="1.0" encoding="UTF-8"?>
<!-- Generated by org.testng.reporters.JUnitXMLReporter -->
<testsuite ignored="0" hostname="Praba" failures="0" tests="3" name="Test" time="30.184" errors="0" timestamp="2023-11-01T13:50:43 IST">
  <testcase classname="testcases.DeleteAccountFailuresTestCases" name="deleteAccountFailures" time="13.18"/>
  <testcase classname="testcases.DeleteAccountFailuresTestCases" name="deleteAccountFailures" time="8.627"/>
  <testcase classname="testcases.DeleteAccountFailuresTestCases" name="deleteAccountFailures" time="8.33"/>
</testsuite> <!-- Test -->
