<?xml version="1.0" encoding="UTF-8"?>
<!-- Generated by org.testng.reporters.JUnitXMLReporter -->
<testsuite ignored="4" hostname="Praba" failures="0" tests="1" name="Default test" time="15.443" errors="0" timestamp="2023-11-01T22:17:46 IST">
  <testcase classname="testcases.CartTestCases" name="removeProductFromCart" time="15.398"/>
  <testcase classname="testcases.CartTestCases" name="proceedToCheckOut" time="0.0">
    <ignored/>
  </testcase> <!-- proceedToCheckOut -->
  <testcase classname="testcases.CartTestCases" name="incrementProductFromCart" time="0.0">
    <ignored/>
  </testcase> <!-- incrementProductFromCart -->
  <testcase classname="testcases.CartTestCases" name="decrementProductFromCart" time="0.0">
    <ignored/>
  </testcase> <!-- decrementProductFromCart -->
  <testcase classname="testcases.CartTestCases" name="processCheckOut" time="0.0">
    <ignored/>
  </testcase> <!-- processCheckOut -->
</testsuite> <!-- Default test -->
